# JRE version: OpenJDK Runtime Environment Microsoft-8035246 (17.0.8+7) (build 17.0.8+7-LTS)
# Java VM: OpenJDK 64-Bit Server VM Microsoft-8035246 (17.0.8+7-LTS, mixed mode, sharing, tiered, compressed oops, compressed class ptrs, g1 gc, windows-amd64)
GC Precious Log:
 CPUs: 4 total, 4 available
 Memory: 8110M
 Large Page Support: Disabled
 NUMA Support: Disabled
 Compressed Oops: Enabled (32-bit)
 Heap Region Size: 1M
 Heap Min Capacity: 8M
 Heap Initial Capacity: 128M
 Heap Max Capacity: 2G
 Pre-touch: Disabled
 Parallel Workers: 4
 Concurrent Workers: 1
 Concurrent Refinement Workers: 4
 Periodic GC: Disabled
Heap:
 garbage-first heap   total 501760K, used 398336K [0x0000000080000000, 0x0000000100000000)
  region size 1024K, 152 young (155648K), 14 survivors (14336K)
 Metaspace       used 110265K, committed 111872K, reserved 557056K
  class space    used 15237K, committed 15936K, reserved 425984K
GC Heap History (20 events):
Event: 108.427 GC heap before
{Heap before GC invocations=54 (full 0):
 garbage-first heap   total 249856K, used 195014K [0x0000000080000000, 0x0000000100000000)
  region size 1024K, 48 young (49152K), 1 survivors (1024K)
 Metaspace       used 94425K, committed 95616K, reserved 557056K
  class space    used 13306K, committed 13824K, reserved 425984K
}
Event: 108.439 GC heap after
{Heap after GC invocations=55 (full 0):
 garbage-first heap   total 501760K, used 148411K [0x0000000080000000, 0x0000000100000000)
  region size 1024K, 3 young (3072K), 3 survivors (3072K)
 Metaspace       used 94425K, committed 95616K, reserved 557056K
  class space    used 13306K, committed 13824K, reserved 425984K
}
Event: 115.263 GC heap before
{Heap before GC invocations=56 (full 0):
 garbage-first heap   total 501760K, used 340923K [0x0000000080000000, 0x0000000100000000)
  region size 1024K, 189 young (193536K), 3 survivors (3072K)
 Metaspace       used 97870K, committed 99136K, reserved 557056K
  class space    used 13752K, committed 14272K, reserved 425984K
}
Event: 115.340 GC heap after
{Heap after GC invocations=57 (full 0):
 garbage-first heap   total 501760K, used 177786K [0x0000000080000000, 0x0000000100000000)
  region size 1024K, 24 young (24576K), 24 survivors (24576K)
 Metaspace       used 97870K, committed 99136K, reserved 557056K
  class space    used 13752K, committed 14272K, reserved 425984K
}
Event: 115.374 GC heap before
{Heap before GC invocations=57 (full 0):
 garbage-first heap   total 501760K, used 178810K [0x0000000080000000, 0x0000000100000000)
  region size 1024K, 25 young (25600K), 24 survivors (24576K)
 Metaspace       used 97876K, committed 99136K, reserved 557056K
  class space    used 13752K, committed 14272K, reserved 425984K
}
Event: 115.451 GC heap after
{Heap after GC invocations=58 (full 0):
 garbage-first heap   total 501760K, used 179445K [0x0000000080000000, 0x0000000100000000)
  region size 1024K, 2 young (2048K), 2 survivors (2048K)
 Metaspace       used 97876K, committed 99136K, reserved 557056K
  class space    used 13752K, committed 14272K, reserved 425984K
}
Event: 120.649 GC heap before
{Heap before GC invocations=58 (full 0):
 garbage-first heap   total 501760K, used 352501K [0x0000000080000000, 0x0000000100000000)
  region size 1024K, 171 young (175104K), 2 survivors (2048K)
 Metaspace       used 103560K, committed 104960K, reserved 557056K
  class space    used 14507K, committed 15104K, reserved 425984K
}
Event: 120.704 GC heap after
{Heap after GC invocations=59 (full 0):
 garbage-first heap   total 501760K, used 199795K [0x0000000080000000, 0x0000000100000000)
  region size 1024K, 22 young (22528K), 22 survivors (22528K)
 Metaspace       used 103560K, committed 104960K, reserved 557056K
  class space    used 14507K, committed 15104K, reserved 425984K
}
Event: 124.682 GC heap before
{Heap before GC invocations=59 (full 0):
 garbage-first heap   total 501760K, used 365683K [0x0000000080000000, 0x0000000100000000)
  region size 1024K, 185 young (189440K), 22 survivors (22528K)
 Metaspace       used 104982K, committed 106496K, reserved 557056K
  class space    used 14640K, committed 15296K, reserved 425984K
}
Event: 124.764 GC heap after
{Heap after GC invocations=60 (full 0):
 garbage-first heap   total 501760K, used 213171K [0x0000000080000000, 0x0000000100000000)
  region size 1024K, 14 young (14336K), 14 survivors (14336K)
 Metaspace       used 104982K, committed 106496K, reserved 557056K
  class space    used 14640K, committed 15296K, reserved 425984K
}
Event: 127.135 GC heap before
{Heap before GC invocations=60 (full 0):
 garbage-first heap   total 501760K, used 297139K [0x0000000080000000, 0x0000000100000000)
  region size 1024K, 98 young (100352K), 14 survivors (14336K)
 Metaspace       used 105284K, committed 106816K, reserved 557056K
  class space    used 14703K, committed 15360K, reserved 425984K
}
Event: 127.179 GC heap after
{Heap after GC invocations=61 (full 0):
 garbage-first heap   total 501760K, used 221184K [0x0000000080000000, 0x0000000100000000)
  region size 1024K, 9 young (9216K), 9 survivors (9216K)
 Metaspace       used 105284K, committed 106816K, reserved 557056K
  class space    used 14703K, committed 15360K, reserved 425984K
}
Event: 130.800 GC heap before
{Heap before GC invocations=62 (full 0):
 garbage-first heap   total 501760K, used 413696K [0x0000000080000000, 0x0000000100000000)
  region size 1024K, 178 young (182272K), 9 survivors (9216K)
 Metaspace       used 105675K, committed 107264K, reserved 557056K
  class space    used 14744K, committed 15424K, reserved 425984K
}
Event: 130.845 GC heap after
{Heap after GC invocations=63 (full 0):
 garbage-first heap   total 501760K, used 232911K [0x0000000080000000, 0x0000000100000000)
  region size 1024K, 21 young (21504K), 21 survivors (21504K)
 Metaspace       used 105675K, committed 107264K, reserved 557056K
  class space    used 14744K, committed 15424K, reserved 425984K
}
Event: 130.881 GC heap before
{Heap before GC invocations=63 (full 0):
 garbage-first heap   total 501760K, used 234959K [0x0000000080000000, 0x0000000100000000)
  region size 1024K, 24 young (24576K), 21 survivors (21504K)
 Metaspace       used 105675K, committed 107264K, reserved 557056K
  class space    used 14744K, committed 15424K, reserved 425984K
}
Event: 130.912 GC heap after
{Heap after GC invocations=64 (full 0):
 garbage-first heap   total 501760K, used 232781K [0x0000000080000000, 0x0000000100000000)
  region size 1024K, 2 young (2048K), 2 survivors (2048K)
 Metaspace       used 105675K, committed 107264K, reserved 557056K
  class space    used 14744K, committed 15424K, reserved 425984K
}
Event: 134.175 GC heap before
{Heap before GC invocations=64 (full 0):
 garbage-first heap   total 501760K, used 409933K [0x0000000080000000, 0x0000000100000000)
  region size 1024K, 164 young (167936K), 2 survivors (2048K)
 Metaspace       used 106124K, committed 107776K, reserved 557056K
  class space    used 14790K, committed 15488K, reserved 425984K
}
Event: 134.207 GC heap after
{Heap after GC invocations=65 (full 0):
 garbage-first heap   total 501760K, used 242454K [0x0000000080000000, 0x0000000100000000)
  region size 1024K, 12 young (12288K), 12 survivors (12288K)
 Metaspace       used 106124K, committed 107776K, reserved 557056K
  class space    used 14790K, committed 15488K, reserved 425984K
}
Event: 136.378 GC heap before
{Heap before GC invocations=65 (full 0):
 garbage-first heap   total 501760K, used 299798K [0x0000000080000000, 0x0000000100000000)
  region size 1024K, 70 young (71680K), 12 survivors (12288K)
 Metaspace       used 106158K, committed 107776K, reserved 557056K
  class space    used 14790K, committed 15488K, reserved 425984K
}
Event: 136.411 GC heap after
{Heap after GC invocations=66 (full 0):
 garbage-first heap   total 501760K, used 245760K [0x0000000080000000, 0x0000000100000000)
  region size 1024K, 14 young (14336K), 14 survivors (14336K)
 Metaspace       used 106158K, committed 107776K, reserved 557056K
  class space    used 14790K, committed 15488K, reserved 425984K
}

