# JRE version: OpenJDK Runtime Environment Microsoft-8035246 (17.0.8+7) (build 17.0.8+7-LTS)
# Java VM: OpenJDK 64-Bit Server VM Microsoft-8035246 (17.0.8+7-LTS, mixed mode, sharing, tiered, compressed oops, compressed class ptrs, g1 gc, windows-amd64)
GC Precious Log:
 CPUs: 4 total, 4 available
 Memory: 8110M
 Large Page Support: Disabled
 NUMA Support: Disabled
 Compressed Oops: Enabled (32-bit)
 Heap Region Size: 1M
 Heap Min Capacity: 8M
 Heap Initial Capacity: 128M
 Heap Max Capacity: 2G
 Pre-touch: Disabled
 Parallel Workers: 4
 Concurrent Workers: 1
 Concurrent Refinement Workers: 4
 Periodic GC: Disabled
Heap:
 garbage-first heap   total 448512K, used 241664K [0x0000000080000000, 0x0000000100000000)
  region size 1024K, 26 young (26624K), 10 survivors (10240K)
 Metaspace       used 105367K, committed 106944K, reserved 557056K
  class space    used 14723K, committed 15424K, reserved 425984K
GC Heap History (20 events):
Event: 39.275 GC heap before
{Heap before GC invocations=28 (full 0):
 garbage-first heap   total 224256K, used 179485K [0x0000000080000000, 0x0000000100000000)
  region size 1024K, 83 young (84992K), 1 survivors (1024K)
 Metaspace       used 85858K, committed 86720K, reserved 557056K
  class space    used 12115K, committed 12480K, reserved 425984K
}
Event: 39.286 GC heap after
{Heap after GC invocations=29 (full 0):
 garbage-first heap   total 224256K, used 99514K [0x0000000080000000, 0x0000000100000000)
  region size 1024K, 5 young (5120K), 5 survivors (5120K)
 Metaspace       used 85858K, committed 86720K, reserved 557056K
  class space    used 12115K, committed 12480K, reserved 425984K
}
Event: 41.603 GC heap before
{Heap before GC invocations=29 (full 0):
 garbage-first heap   total 224256K, used 184506K [0x0000000080000000, 0x0000000100000000)
  region size 1024K, 85 young (87040K), 5 survivors (5120K)
 Metaspace       used 88199K, committed 89216K, reserved 557056K
  class space    used 12475K, committed 12928K, reserved 425984K
}
Event: 41.635 GC heap after
{Heap after GC invocations=30 (full 0):
 garbage-first heap   total 224256K, used 122813K [0x0000000080000000, 0x0000000100000000)
  region size 1024K, 11 young (11264K), 11 survivors (11264K)
 Metaspace       used 88199K, committed 89216K, reserved 557056K
  class space    used 12475K, committed 12928K, reserved 425984K
}
Event: 42.977 GC heap before
{Heap before GC invocations=30 (full 0):
 garbage-first heap   total 224256K, used 179133K [0x0000000080000000, 0x0000000100000000)
  region size 1024K, 65 young (66560K), 11 survivors (11264K)
 Metaspace       used 90314K, committed 91456K, reserved 557056K
  class space    used 12699K, committed 13184K, reserved 425984K
}
Event: 43.011 GC heap after
{Heap after GC invocations=31 (full 0):
 garbage-first heap   total 224256K, used 138212K [0x0000000080000000, 0x0000000100000000)
  region size 1024K, 9 young (9216K), 9 survivors (9216K)
 Metaspace       used 90314K, committed 91456K, reserved 557056K
  class space    used 12699K, committed 13184K, reserved 425984K
}
Event: 43.678 GC heap before
{Heap before GC invocations=31 (full 0):
 garbage-first heap   total 224256K, used 180196K [0x0000000080000000, 0x0000000100000000)
  region size 1024K, 49 young (50176K), 9 survivors (9216K)
 Metaspace       used 91366K, committed 92480K, reserved 557056K
  class space    used 12878K, committed 13376K, reserved 425984K
}
Event: 43.719 GC heap after
{Heap after GC invocations=32 (full 0):
 garbage-first heap   total 224256K, used 145920K [0x0000000080000000, 0x0000000100000000)
  region size 1024K, 7 young (7168K), 7 survivors (7168K)
 Metaspace       used 91366K, committed 92480K, reserved 557056K
  class space    used 12878K, committed 13376K, reserved 425984K
}
Event: 44.471 GC heap before
{Heap before GC invocations=32 (full 0):
 garbage-first heap   total 224256K, used 181760K [0x0000000080000000, 0x0000000100000000)
  region size 1024K, 42 young (43008K), 7 survivors (7168K)
 Metaspace       used 93627K, committed 94784K, reserved 557056K
  class space    used 13194K, committed 13696K, reserved 425984K
}
Event: 44.485 GC heap after
{Heap after GC invocations=33 (full 0):
 garbage-first heap   total 224256K, used 148088K [0x0000000080000000, 0x0000000100000000)
  region size 1024K, 2 young (2048K), 2 survivors (2048K)
 Metaspace       used 93627K, committed 94784K, reserved 557056K
  class space    used 13194K, committed 13696K, reserved 425984K
}
Event: 45.132 GC heap before
{Heap before GC invocations=33 (full 0):
 garbage-first heap   total 224256K, used 184952K [0x0000000080000000, 0x0000000100000000)
  region size 1024K, 38 young (38912K), 2 survivors (2048K)
 Metaspace       used 95543K, committed 96768K, reserved 557056K
  class space    used 13465K, committed 14016K, reserved 425984K
}
Event: 45.148 GC heap after
{Heap after GC invocations=34 (full 0):
 garbage-first heap   total 448512K, used 149887K [0x0000000080000000, 0x0000000100000000)
  region size 1024K, 4 young (4096K), 4 survivors (4096K)
 Metaspace       used 95543K, committed 96768K, reserved 557056K
  class space    used 13465K, committed 14016K, reserved 425984K
}
Event: 48.035 GC heap before
{Heap before GC invocations=34 (full 0):
 garbage-first heap   total 448512K, used 326015K [0x0000000080000000, 0x0000000100000000)
  region size 1024K, 175 young (179200K), 4 survivors (4096K)
 Metaspace       used 98039K, committed 99392K, reserved 557056K
  class space    used 13782K, committed 14336K, reserved 425984K
}
Event: 48.091 GC heap after
{Heap after GC invocations=35 (full 0):
 garbage-first heap   total 448512K, used 180555K [0x0000000080000000, 0x0000000100000000)
  region size 1024K, 22 young (22528K), 22 survivors (22528K)
 Metaspace       used 98039K, committed 99392K, reserved 557056K
  class space    used 13782K, committed 14336K, reserved 425984K
}
Event: 51.272 GC heap before
{Heap before GC invocations=35 (full 0):
 garbage-first heap   total 448512K, used 321867K [0x0000000080000000, 0x0000000100000000)
  region size 1024K, 160 young (163840K), 22 survivors (22528K)
 Metaspace       used 103544K, committed 104960K, reserved 557056K
  class space    used 14518K, committed 15168K, reserved 425984K
}
Event: 51.361 GC heap after
{Heap after GC invocations=36 (full 0):
 garbage-first heap   total 448512K, used 199476K [0x0000000080000000, 0x0000000100000000)
  region size 1024K, 18 young (18432K), 18 survivors (18432K)
 Metaspace       used 103544K, committed 104960K, reserved 557056K
  class space    used 14518K, committed 15168K, reserved 425984K
}
Event: 53.992 GC heap before
{Heap before GC invocations=36 (full 0):
 garbage-first heap   total 448512K, used 334644K [0x0000000080000000, 0x0000000100000000)
  region size 1024K, 151 young (154624K), 18 survivors (18432K)
 Metaspace       used 104765K, committed 106304K, reserved 557056K
  class space    used 14659K, committed 15360K, reserved 425984K
}
Event: 54.089 GC heap after
{Heap after GC invocations=37 (full 0):
 garbage-first heap   total 448512K, used 214528K [0x0000000080000000, 0x0000000100000000)
  region size 1024K, 15 young (15360K), 15 survivors (15360K)
 Metaspace       used 104765K, committed 106304K, reserved 557056K
  class space    used 14659K, committed 15360K, reserved 425984K
}
Event: 56.824 GC heap before
{Heap before GC invocations=37 (full 0):
 garbage-first heap   total 448512K, used 345600K [0x0000000080000000, 0x0000000100000000)
  region size 1024K, 144 young (147456K), 15 survivors (15360K)
 Metaspace       used 105365K, committed 106944K, reserved 557056K
  class space    used 14723K, committed 15424K, reserved 425984K
}
Event: 56.901 GC heap after
{Heap after GC invocations=38 (full 0):
 garbage-first heap   total 448512K, used 222208K [0x0000000080000000, 0x0000000100000000)
  region size 1024K, 10 young (10240K), 10 survivors (10240K)
 Metaspace       used 105365K, committed 106944K, reserved 557056K
  class space    used 14723K, committed 15424K, reserved 425984K
}

