# JRE version: OpenJDK Runtime Environment Microsoft-8035246 (17.0.8+7) (build 17.0.8+7-LTS)
# Java VM: OpenJDK 64-Bit Server VM Microsoft-8035246 (17.0.8+7-LTS, mixed mode, sharing, tiered, compressed oops, compressed class ptrs, g1 gc, windows-amd64)
GC Precious Log:
 CPUs: 4 total, 4 available
 Memory: 8110M
 Large Page Support: Disabled
 NUMA Support: Disabled
 Compressed Oops: Enabled (32-bit)
 Heap Region Size: 1M
 Heap Min Capacity: 8M
 Heap Initial Capacity: 128M
 Heap Max Capacity: 2G
 Pre-touch: Disabled
 Parallel Workers: 4
 Concurrent Workers: 1
 Concurrent Refinement Workers: 4
 Periodic GC: Disabled
Heap:
 garbage-first heap   total 392192K, used 291238K [0x0000000080000000, 0x0000000100000000)
  region size 1024K, 73 young (74752K), 10 survivors (10240K)
 Metaspace       used 105463K, committed 107008K, reserved 557056K
  class space    used 14739K, committed 15424K, reserved 425984K
GC Heap History (20 events):
Event: 71.890 GC heap before
{Heap before GC invocations=42 (full 0):
 garbage-first heap   total 217088K, used 169898K [0x0000000080000000, 0x0000000100000000)
  region size 1024K, 53 young (54272K), 3 survivors (3072K)
 Metaspace       used 90199K, committed 91328K, reserved 557056K
  class space    used 12706K, committed 13248K, reserved 425984K
}
Event: 71.933 GC heap after
{Heap after GC invocations=43 (full 0):
 garbage-first heap   total 217088K, used 135168K [0x0000000080000000, 0x0000000100000000)
  region size 1024K, 7 young (7168K), 7 survivors (7168K)
 Metaspace       used 90199K, committed 91328K, reserved 557056K
  class space    used 12706K, committed 13248K, reserved 425984K
}
Event: 72.041 GC heap before
{Heap before GC invocations=43 (full 0):
 garbage-first heap   total 217088K, used 138240K [0x0000000080000000, 0x0000000100000000)
  region size 1024K, 10 young (10240K), 7 survivors (7168K)
 Metaspace       used 90256K, committed 91328K, reserved 557056K
  class space    used 12706K, committed 13248K, reserved 425984K
}
Event: 72.060 GC heap after
{Heap after GC invocations=44 (full 0):
 garbage-first heap   total 217088K, used 135925K [0x0000000080000000, 0x0000000100000000)
  region size 1024K, 1 young (1024K), 1 survivors (1024K)
 Metaspace       used 90256K, committed 91328K, reserved 557056K
  class space    used 12706K, committed 13248K, reserved 425984K
}
Event: 72.892 GC heap before
{Heap before GC invocations=44 (full 0):
 garbage-first heap   total 217088K, used 176885K [0x0000000080000000, 0x0000000100000000)
  region size 1024K, 39 young (39936K), 1 survivors (1024K)
 Metaspace       used 90830K, committed 92032K, reserved 557056K
  class space    used 12814K, committed 13376K, reserved 425984K
}
Event: 72.914 GC heap after
{Heap after GC invocations=45 (full 0):
 garbage-first heap   total 392192K, used 145763K [0x0000000080000000, 0x0000000100000000)
  region size 1024K, 5 young (5120K), 5 survivors (5120K)
 Metaspace       used 90830K, committed 92032K, reserved 557056K
  class space    used 12814K, committed 13376K, reserved 425984K
}
Event: 76.097 GC heap before
{Heap before GC invocations=46 (full 0):
 garbage-first heap   total 392192K, used 263523K [0x0000000080000000, 0x0000000100000000)
  region size 1024K, 120 young (122880K), 5 survivors (5120K)
 Metaspace       used 97137K, committed 98304K, reserved 557056K
  class space    used 13687K, committed 14208K, reserved 425984K
}
Event: 76.131 GC heap after
{Heap after GC invocations=47 (full 0):
 garbage-first heap   total 392192K, used 153564K [0x0000000080000000, 0x0000000100000000)
  region size 1024K, 13 young (13312K), 13 survivors (13312K)
 Metaspace       used 97137K, committed 98304K, reserved 557056K
  class space    used 13687K, committed 14208K, reserved 425984K
}
Event: 76.250 GC heap before
{Heap before GC invocations=47 (full 0):
 garbage-first heap   total 392192K, used 159708K [0x0000000080000000, 0x0000000100000000)
  region size 1024K, 19 young (19456K), 13 survivors (13312K)
 Metaspace       used 97181K, committed 98432K, reserved 557056K
  class space    used 13692K, committed 14272K, reserved 425984K
}
Event: 76.277 GC heap after
{Heap after GC invocations=48 (full 0):
 garbage-first heap   total 392192K, used 153751K [0x0000000080000000, 0x0000000100000000)
  region size 1024K, 2 young (2048K), 2 survivors (2048K)
 Metaspace       used 97181K, committed 98432K, reserved 557056K
  class space    used 13692K, committed 14272K, reserved 425984K
}
Event: 79.585 GC heap before
{Heap before GC invocations=48 (full 0):
 garbage-first heap   total 392192K, used 299159K [0x0000000080000000, 0x0000000100000000)
  region size 1024K, 143 young (146432K), 2 survivors (2048K)
 Metaspace       used 98230K, committed 99520K, reserved 557056K
  class space    used 13824K, committed 14400K, reserved 425984K
}
Event: 79.673 GC heap after
{Heap after GC invocations=49 (full 0):
 garbage-first heap   total 392192K, used 182982K [0x0000000080000000, 0x0000000100000000)
  region size 1024K, 18 young (18432K), 18 survivors (18432K)
 Metaspace       used 98230K, committed 99520K, reserved 557056K
  class space    used 13824K, committed 14400K, reserved 425984K
}
Event: 83.095 GC heap before
{Heap before GC invocations=49 (full 0):
 garbage-first heap   total 392192K, used 294598K [0x0000000080000000, 0x0000000100000000)
  region size 1024K, 127 young (130048K), 18 survivors (18432K)
 Metaspace       used 103274K, committed 104704K, reserved 557056K
  class space    used 14507K, committed 15168K, reserved 425984K
}
Event: 83.197 GC heap after
{Heap after GC invocations=50 (full 0):
 garbage-first heap   total 392192K, used 198627K [0x0000000080000000, 0x0000000100000000)
  region size 1024K, 15 young (15360K), 15 survivors (15360K)
 Metaspace       used 103274K, committed 104704K, reserved 557056K
  class space    used 14507K, committed 15168K, reserved 425984K
}
Event: 85.203 GC heap before
{Heap before GC invocations=50 (full 0):
 garbage-first heap   total 392192K, used 303075K [0x0000000080000000, 0x0000000100000000)
  region size 1024K, 117 young (119808K), 15 survivors (15360K)
 Metaspace       used 103986K, committed 105408K, reserved 557056K
  class space    used 14563K, committed 15232K, reserved 425984K
}
Event: 85.297 GC heap after
{Heap after GC invocations=51 (full 0):
 garbage-first heap   total 392192K, used 209920K [0x0000000080000000, 0x0000000100000000)
  region size 1024K, 11 young (11264K), 11 survivors (11264K)
 Metaspace       used 103986K, committed 105408K, reserved 557056K
  class space    used 14563K, committed 15232K, reserved 425984K
}
Event: 88.707 GC heap before
{Heap before GC invocations=51 (full 0):
 garbage-first heap   total 392192K, used 310272K [0x0000000080000000, 0x0000000100000000)
  region size 1024K, 110 young (112640K), 11 survivors (11264K)
 Metaspace       used 105044K, committed 106560K, reserved 557056K
  class space    used 14674K, committed 15360K, reserved 425984K
}
Event: 88.787 GC heap after
{Heap after GC invocations=52 (full 0):
 garbage-first heap   total 392192K, used 218624K [0x0000000080000000, 0x0000000100000000)
  region size 1024K, 9 young (9216K), 9 survivors (9216K)
 Metaspace       used 105044K, committed 106560K, reserved 557056K
  class space    used 14674K, committed 15360K, reserved 425984K
}
Event: 92.506 GC heap before
{Heap before GC invocations=52 (full 0):
 garbage-first heap   total 392192K, used 318976K [0x0000000080000000, 0x0000000100000000)
  region size 1024K, 104 young (106496K), 9 survivors (9216K)
 Metaspace       used 105372K, committed 106880K, reserved 557056K
  class space    used 14737K, committed 15424K, reserved 425984K
}
Event: 92.540 GC heap after
{Heap after GC invocations=53 (full 0):
 garbage-first heap   total 392192K, used 228774K [0x0000000080000000, 0x0000000100000000)
  region size 1024K, 10 young (10240K), 10 survivors (10240K)
 Metaspace       used 105372K, committed 106880K, reserved 557056K
  class space    used 14737K, committed 15424K, reserved 425984K
}

