# JRE version: OpenJDK Runtime Environment Microsoft-8035246 (17.0.8+7) (build 17.0.8+7-LTS)
# Java VM: OpenJDK 64-Bit Server VM Microsoft-8035246 (17.0.8+7-LTS, mixed mode, sharing, tiered, compressed oops, compressed class ptrs, g1 gc, windows-amd64)
GC Precious Log:
 CPUs: 4 total, 4 available
 Memory: 8110M
 Large Page Support: Disabled
 NUMA Support: Disabled
 Compressed Oops: Enabled (32-bit)
 Heap Region Size: 1M
 Heap Min Capacity: 8M
 Heap Initial Capacity: 128M
 Heap Max Capacity: 2G
 Pre-touch: Disabled
 Parallel Workers: 4
 Concurrent Workers: 1
 Concurrent Refinement Workers: 4
 Periodic GC: Disabled
Heap:
 garbage-first heap   total 390144K, used 247983K [0x0000000080000000, 0x0000000100000000)
  region size 1024K, 33 young (33792K), 10 survivors (10240K)
 Metaspace       used 105333K, committed 106816K, reserved 557056K
  class space    used 14687K, committed 15360K, reserved 425984K
GC Heap History (20 events):
Event: 112.206 GC heap before
{Heap before GC invocations=48 (full 0):
 garbage-first heap   total 262144K, used 212744K [0x0000000080000000, 0x0000000100000000)
  region size 1024K, 69 young (70656K), 9 survivors (9216K)
 Metaspace       used 97468K, committed 98688K, reserved 557056K
  class space    used 13693K, committed 14208K, reserved 425984K
}
Event: 112.245 GC heap after
{Heap after GC invocations=49 (full 0):
 garbage-first heap   total 262144K, used 161691K [0x0000000080000000, 0x0000000100000000)
  region size 1024K, 9 young (9216K), 9 survivors (9216K)
 Metaspace       used 97468K, committed 98688K, reserved 557056K
  class space    used 13693K, committed 14208K, reserved 425984K
}
Event: 114.370 GC heap before
{Heap before GC invocations=49 (full 0):
 garbage-first heap   total 262144K, used 213915K [0x0000000080000000, 0x0000000100000000)
  region size 1024K, 60 young (61440K), 9 survivors (9216K)
 Metaspace       used 97818K, committed 99072K, reserved 557056K
  class space    used 13727K, committed 14272K, reserved 425984K
}
Event: 114.411 GC heap after
{Heap after GC invocations=50 (full 0):
 garbage-first heap   total 262144K, used 170760K [0x0000000080000000, 0x0000000100000000)
  region size 1024K, 8 young (8192K), 8 survivors (8192K)
 Metaspace       used 97818K, committed 99072K, reserved 557056K
  class space    used 13727K, committed 14272K, reserved 425984K
}
Event: 116.855 GC heap before
{Heap before GC invocations=50 (full 0):
 garbage-first heap   total 262144K, used 215816K [0x0000000080000000, 0x0000000100000000)
  region size 1024K, 52 young (53248K), 8 survivors (8192K)
 Metaspace       used 98684K, committed 99968K, reserved 557056K
  class space    used 13840K, committed 14400K, reserved 425984K
}
Event: 116.896 GC heap after
{Heap after GC invocations=51 (full 0):
 garbage-first heap   total 262144K, used 183512K [0x0000000080000000, 0x0000000100000000)
  region size 1024K, 7 young (7168K), 7 survivors (7168K)
 Metaspace       used 98684K, committed 99968K, reserved 557056K
  class space    used 13840K, committed 14400K, reserved 425984K
}
Event: 118.382 GC heap before
{Heap before GC invocations=51 (full 0):
 garbage-first heap   total 262144K, used 217304K [0x0000000080000000, 0x0000000100000000)
  region size 1024K, 40 young (40960K), 7 survivors (7168K)
 Metaspace       used 101621K, committed 102976K, reserved 557056K
  class space    used 14285K, committed 14912K, reserved 425984K
}
Event: 118.408 GC heap after
{Heap after GC invocations=52 (full 0):
 garbage-first heap   total 262144K, used 185989K [0x0000000080000000, 0x0000000100000000)
  region size 1024K, 2 young (2048K), 2 survivors (2048K)
 Metaspace       used 101621K, committed 102976K, reserved 557056K
  class space    used 14285K, committed 14912K, reserved 425984K
}
Event: 121.021 GC heap before
{Heap before GC invocations=53 (full 0):
 garbage-first heap   total 324608K, used 215685K [0x0000000080000000, 0x0000000100000000)
  region size 1024K, 31 young (31744K), 2 survivors (2048K)
 Metaspace       used 102502K, committed 103872K, reserved 557056K
  class space    used 14395K, committed 15040K, reserved 425984K
}
Event: 121.066 GC heap after
{Heap after GC invocations=54 (full 0):
 garbage-first heap   total 324608K, used 191583K [0x0000000080000000, 0x0000000100000000)
  region size 1024K, 4 young (4096K), 4 survivors (4096K)
 Metaspace       used 102502K, committed 103872K, reserved 557056K
  class space    used 14395K, committed 15040K, reserved 425984K
}
Event: 121.639 GC heap before
{Heap before GC invocations=54 (full 0):
 garbage-first heap   total 324608K, used 202847K [0x0000000080000000, 0x0000000100000000)
  region size 1024K, 15 young (15360K), 4 survivors (4096K)
 Metaspace       used 102819K, committed 104192K, reserved 557056K
  class space    used 14428K, committed 15040K, reserved 425984K
}
Event: 121.666 GC heap after
{Heap after GC invocations=55 (full 0):
 garbage-first heap   total 324608K, used 192843K [0x0000000080000000, 0x0000000100000000)
  region size 1024K, 2 young (2048K), 2 survivors (2048K)
 Metaspace       used 102819K, committed 104192K, reserved 557056K
  class space    used 14428K, committed 15040K, reserved 425984K
}
Event: 124.079 GC heap before
{Heap before GC invocations=55 (full 0):
 garbage-first heap   total 324608K, used 262475K [0x0000000080000000, 0x0000000100000000)
  region size 1024K, 70 young (71680K), 2 survivors (2048K)
 Metaspace       used 103490K, committed 104832K, reserved 557056K
  class space    used 14475K, committed 15104K, reserved 425984K
}
Event: 124.110 GC heap after
{Heap after GC invocations=56 (full 0):
 garbage-first heap   total 390144K, used 199833K [0x0000000080000000, 0x0000000100000000)
  region size 1024K, 9 young (9216K), 9 survivors (9216K)
 Metaspace       used 103490K, committed 104832K, reserved 557056K
  class space    used 14475K, committed 15104K, reserved 425984K
}
Event: 130.321 GC heap before
{Heap before GC invocations=56 (full 0):
 garbage-first heap   total 390144K, used 309401K [0x0000000080000000, 0x0000000100000000)
  region size 1024K, 116 young (118784K), 9 survivors (9216K)
 Metaspace       used 104633K, committed 106112K, reserved 557056K
  class space    used 14618K, committed 15296K, reserved 425984K
}
Event: 130.404 GC heap after
{Heap after GC invocations=57 (full 0):
 garbage-first heap   total 390144K, used 210484K [0x0000000080000000, 0x0000000100000000)
  region size 1024K, 15 young (15360K), 15 survivors (15360K)
 Metaspace       used 104633K, committed 106112K, reserved 557056K
  class space    used 14618K, committed 15296K, reserved 425984K
}
Event: 134.089 GC heap before
{Heap before GC invocations=57 (full 0):
 garbage-first heap   total 390144K, used 312884K [0x0000000080000000, 0x0000000100000000)
  region size 1024K, 116 young (118784K), 15 survivors (15360K)
 Metaspace       used 105095K, committed 106496K, reserved 557056K
  class space    used 14670K, committed 15296K, reserved 425984K
}
Event: 134.339 GC heap after
{Heap after GC invocations=58 (full 0):
 garbage-first heap   total 390144K, used 218873K [0x0000000080000000, 0x0000000100000000)
  region size 1024K, 9 young (9216K), 9 survivors (9216K)
 Metaspace       used 105095K, committed 106496K, reserved 557056K
  class space    used 14670K, committed 15296K, reserved 425984K
}
Event: 138.260 GC heap before
{Heap before GC invocations=58 (full 0):
 garbage-first heap   total 390144K, used 325369K [0x0000000080000000, 0x0000000100000000)
  region size 1024K, 106 young (108544K), 9 survivors (9216K)
 Metaspace       used 105282K, committed 106752K, reserved 557056K
  class space    used 14680K, committed 15360K, reserved 425984K
}
Event: 138.312 GC heap after
{Heap after GC invocations=59 (full 0):
 garbage-first heap   total 390144K, used 226479K [0x0000000080000000, 0x0000000100000000)
  region size 1024K, 10 young (10240K), 10 survivors (10240K)
 Metaspace       used 105282K, committed 106752K, reserved 557056K
  class space    used 14680K, committed 15360K, reserved 425984K
}

