# JRE version: OpenJDK Runtime Environment Microsoft-8035246 (17.0.8+7) (build 17.0.8+7-LTS)
# Java VM: OpenJDK 64-Bit Server VM Microsoft-8035246 (17.0.8+7-LTS, mixed mode, sharing, tiered, compressed oops, compressed class ptrs, g1 gc, windows-amd64)
GC Precious Log:
 CPUs: 4 total, 4 available
 Memory: 8110M
 Large Page Support: Disabled
 NUMA Support: Disabled
 Compressed Oops: Enabled (32-bit)
 Heap Region Size: 1M
 Heap Min Capacity: 8M
 Heap Initial Capacity: 128M
 Heap Max Capacity: 2G
 Pre-touch: Disabled
 Parallel Workers: 4
 Concurrent Workers: 1
 Concurrent Refinement Workers: 4
 Periodic GC: Disabled
Heap:
 garbage-first heap   total 380928K, used 245426K [0x0000000080000000, 0x0000000100000000)
  region size 1024K, 28 young (28672K), 8 survivors (8192K)
 Metaspace       used 105367K, committed 106816K, reserved 557056K
  class space    used 14733K, committed 15424K, reserved 425984K
GC Heap History (20 events):
Event: 54.659 GC heap before
{Heap before GC invocations=37 (full 0):
 garbage-first heap   total 301056K, used 223368K [0x0000000080000000, 0x0000000100000000)
  region size 1024K, 126 young (129024K), 2 survivors (2048K)
 Metaspace       used 88104K, committed 89088K, reserved 557056K
  class space    used 12454K, committed 12928K, reserved 425984K
}
Event: 54.700 GC heap after
{Heap after GC invocations=38 (full 0):
 garbage-first heap   total 301056K, used 111180K [0x0000000080000000, 0x0000000100000000)
  region size 1024K, 16 young (16384K), 16 survivors (16384K)
 Metaspace       used 88104K, committed 89088K, reserved 557056K
  class space    used 12454K, committed 12928K, reserved 425984K
}
Event: 57.205 GC heap before
{Heap before GC invocations=38 (full 0):
 garbage-first heap   total 301056K, used 230988K [0x0000000080000000, 0x0000000100000000)
  region size 1024K, 127 young (130048K), 16 survivors (16384K)
 Metaspace       used 91482K, committed 92608K, reserved 557056K
  class space    used 12903K, committed 13440K, reserved 425984K
}
Event: 57.257 GC heap after
{Heap after GC invocations=39 (full 0):
 garbage-first heap   total 301056K, used 143933K [0x0000000080000000, 0x0000000100000000)
  region size 1024K, 16 young (16384K), 16 survivors (16384K)
 Metaspace       used 91482K, committed 92608K, reserved 557056K
  class space    used 12903K, committed 13440K, reserved 425984K
}
Event: 58.973 GC heap before
{Heap before GC invocations=39 (full 0):
 garbage-first heap   total 301056K, used 228925K [0x0000000080000000, 0x0000000100000000)
  region size 1024K, 99 young (101376K), 16 survivors (16384K)
 Metaspace       used 96348K, committed 97472K, reserved 557056K
  class space    used 13586K, committed 14144K, reserved 425984K
}
Event: 59.003 GC heap after
{Heap after GC invocations=40 (full 0):
 garbage-first heap   total 301056K, used 148759K [0x0000000080000000, 0x0000000100000000)
  region size 1024K, 5 young (5120K), 5 survivors (5120K)
 Metaspace       used 96348K, committed 97472K, reserved 557056K
  class space    used 13586K, committed 14144K, reserved 425984K
}
Event: 60.197 GC heap before
{Heap before GC invocations=40 (full 0):
 garbage-first heap   total 301056K, used 235799K [0x0000000080000000, 0x0000000100000000)
  region size 1024K, 90 young (92160K), 5 survivors (5120K)
 Metaspace       used 97496K, committed 98688K, reserved 557056K
  class space    used 13724K, committed 14272K, reserved 425984K
}
Event: 60.225 GC heap after
{Heap after GC invocations=41 (full 0):
 garbage-first heap   total 301056K, used 162071K [0x0000000080000000, 0x0000000100000000)
  region size 1024K, 12 young (12288K), 12 survivors (12288K)
 Metaspace       used 97496K, committed 98688K, reserved 557056K
  class space    used 13724K, committed 14272K, reserved 425984K
}
Event: 61.830 GC heap before
{Heap before GC invocations=41 (full 0):
 garbage-first heap   total 301056K, used 238871K [0x0000000080000000, 0x0000000100000000)
  region size 1024K, 86 young (88064K), 12 survivors (12288K)
 Metaspace       used 98154K, committed 99392K, reserved 557056K
  class space    used 13804K, committed 14400K, reserved 425984K
}
Event: 61.874 GC heap after
{Heap after GC invocations=42 (full 0):
 garbage-first heap   total 301056K, used 179334K [0x0000000080000000, 0x0000000100000000)
  region size 1024K, 11 young (11264K), 11 survivors (11264K)
 Metaspace       used 98154K, committed 99392K, reserved 557056K
  class space    used 13804K, committed 14400K, reserved 425984K
}
Event: 63.278 GC heap before
{Heap before GC invocations=42 (full 0):
 garbage-first heap   total 301056K, used 239750K [0x0000000080000000, 0x0000000100000000)
  region size 1024K, 70 young (71680K), 11 survivors (11264K)
 Metaspace       used 101875K, committed 103168K, reserved 557056K
  class space    used 14350K, committed 14976K, reserved 425984K
}
Event: 63.324 GC heap after
{Heap after GC invocations=43 (full 0):
 garbage-first heap   total 301056K, used 187155K [0x0000000080000000, 0x0000000100000000)
  region size 1024K, 7 young (7168K), 7 survivors (7168K)
 Metaspace       used 101875K, committed 103168K, reserved 557056K
  class space    used 14350K, committed 14976K, reserved 425984K
}
Event: 64.733 GC heap before
{Heap before GC invocations=43 (full 0):
 garbage-first heap   total 301056K, used 244499K [0x0000000080000000, 0x0000000100000000)
  region size 1024K, 63 young (64512K), 7 survivors (7168K)
 Metaspace       used 103393K, committed 104768K, reserved 557056K
  class space    used 14529K, committed 15168K, reserved 425984K
}
Event: 64.790 GC heap after
{Heap after GC invocations=44 (full 0):
 garbage-first heap   total 380928K, used 196887K [0x0000000080000000, 0x0000000100000000)
  region size 1024K, 8 young (8192K), 8 survivors (8192K)
 Metaspace       used 103393K, committed 104768K, reserved 557056K
  class space    used 14529K, committed 15168K, reserved 425984K
}
Event: 66.707 GC heap before
{Heap before GC invocations=44 (full 0):
 garbage-first heap   total 380928K, used 297239K [0x0000000080000000, 0x0000000100000000)
  region size 1024K, 106 young (108544K), 8 survivors (8192K)
 Metaspace       used 104001K, committed 105408K, reserved 557056K
  class space    used 14567K, committed 15232K, reserved 425984K
}
Event: 66.759 GC heap after
{Heap after GC invocations=45 (full 0):
 garbage-first heap   total 380928K, used 208049K [0x0000000080000000, 0x0000000100000000)
  region size 1024K, 10 young (10240K), 10 survivors (10240K)
 Metaspace       used 104001K, committed 105408K, reserved 557056K
  class space    used 14567K, committed 15232K, reserved 425984K
}
Event: 68.946 GC heap before
{Heap before GC invocations=45 (full 0):
 garbage-first heap   total 380928K, used 302257K [0x0000000080000000, 0x0000000100000000)
  region size 1024K, 103 young (105472K), 10 survivors (10240K)
 Metaspace       used 105011K, committed 106432K, reserved 557056K
  class space    used 14670K, committed 15360K, reserved 425984K
}
Event: 69.004 GC heap after
{Heap after GC invocations=46 (full 0):
 garbage-first heap   total 380928K, used 216240K [0x0000000080000000, 0x0000000100000000)
  region size 1024K, 8 young (8192K), 8 survivors (8192K)
 Metaspace       used 105011K, committed 106432K, reserved 557056K
  class space    used 14670K, committed 15360K, reserved 425984K
}
Event: 71.053 GC heap before
{Heap before GC invocations=46 (full 0):
 garbage-first heap   total 380928K, used 307375K [0x0000000080000000, 0x0000000100000000)
  region size 1024K, 98 young (100352K), 8 survivors (8192K)
 Metaspace       used 105364K, committed 106816K, reserved 557056K
  class space    used 14733K, committed 15424K, reserved 425984K
}
Event: 71.094 GC heap after
{Heap after GC invocations=47 (full 0):
 garbage-first heap   total 380928K, used 222898K [0x0000000080000000, 0x0000000100000000)
  region size 1024K, 8 young (8192K), 8 survivors (8192K)
 Metaspace       used 105364K, committed 106816K, reserved 557056K
  class space    used 14733K, committed 15424K, reserved 425984K
}

